<?xml version="1.0" encoding="UTF-8"?>
<!-- Generated by org.testng.reporters.JUnitReportReporter -->
<testsuite hostname="MSI" failures="0" tests="1" name="com.qa.tests.TestCase02" time="0.193" errors="0" timestamp="2024-03-21T15:41:02 IST" skipped="0">
  <testcase classname="com.qa.tests.TestCase02" name="TestCase_02_addingallitemsinCart" time="0.193"/>
  <system-out/>
</testsuite> <!-- com.qa.tests.TestCase02 -->
