<?xml version="1.0" encoding="UTF-8"?>
<!-- Generated by org.testng.reporters.JUnitReportReporter -->
<testsuite hostname="MSI" failures="0" tests="1" name="com.qa.tests.TestCase01" time="0.005" errors="0" timestamp="2024-03-21T15:23:09 IST" skipped="0">
  <testcase classname="com.qa.tests.TestCase01" name="newt" time="0.005"/>
  <system-out/>
</testsuite> <!-- com.qa.tests.TestCase01 -->
