<?xml version="1.0" encoding="UTF-8"?>
<!-- Generated by org.testng.reporters.JUnitReportReporter -->
<testsuite hostname="MSI" failures="0" tests="1" name="com.qa.base.BaseTest" time="2.241" errors="0" timestamp="2024-03-17T16:36:29 IST" skipped="0">
  <testcase classname="com.qa.base.BaseTest" name="setup" time="2.241"/>
  <system-out/>
</testsuite> <!-- com.qa.base.BaseTest -->
